<?xml version="1.0" encoding="UTF-8"?>
<!-- Generated by org.testng.reporters.JUnitXMLReporter -->
<testsuite ignored="0" hostname="17phd0063_select" failures="1" tests="2" name="Base 1" time="5.686" errors="0" timestamp="2022-06-24T10:43:37 IST">
  <testcase classname="com.testScripts.FirstClass" name="launch" time="0.005"/>
  <testcase classname="com.testScripts.FirstClass" name="TestToFail" time="0.004">
    <failure type="java.lang.AssertionError" message="expected [true] but found [false]">
      <![CDATA[java.lang.AssertionError: expected [true] but found [false]
at com.testScripts.FirstClass.TestToFail(FirstClass.java:25)
at java.base/java.util.ArrayList.forEach(ArrayList.java:1541)
... Removed 31 stack frames]]>
    </failure>
  </testcase> <!-- TestToFail -->
</testsuite> <!-- Base 1 -->
