<?xml version="1.0" encoding="UTF-8"?>
<!-- Generated by org.testng.reporters.JUnitXMLReporter -->
<testsuite ignored="0" hostname="17phd0063_select" failures="1" tests="1" name="MovieInfo" time="13.531" errors="0" timestamp="2022-07-24T14:13:03 IST">
  <testcase classname="com.testScripts.MovieInformation" name="GetDateandCountryFromIMDB" time="12.961">
    <failure type="java.lang.AssertionError" message="expected [Fri Dec 17 00:00:00 IST 2021] but found [Fri Jan 07 00:00:00 IST 2022]">
      <![CDATA[java.lang.AssertionError: expected [Fri Dec 17 00:00:00 IST 2021] but found [Fri Jan 07 00:00:00 IST 2022]
at com.testScripts.MovieInformation.GetDateandCountryFromIMDB(MovieInformation.java:51)
at java.base/java.util.ArrayList.forEach(ArrayList.java:1541)
... Removed 32 stack frames]]>
    </failure>
  </testcase> <!-- GetDateandCountryFromIMDB -->
</testsuite> <!-- MovieInfo -->
